<?xml version="1.0" encoding="UTF-8"?>
<!-- Generated by org.testng.reporters.JUnitXMLReporter -->
<testsuite hostname="asd1550po01976" name="Default test" tests="8" failures="0" timestamp="5 Jul 2016 11:52:44 GMT" time="45.575" errors="0">
  <testcase name="testOne" time="9.669" classname="GithubAutomation.AppTest"/>
  <testcase name="testTwo" time="1.454" classname="GithubAutomation.AppTest"/>
  <testcase name="testThree" time="2.606" classname="GithubAutomation.AppTest"/>
  <testcase name="testFour" time="8.334" classname="GithubAutomation.AppTest"/>
  <testcase name="testFive" time="8.452" classname="GithubAutomation.AppTest"/>
  <testcase name="testSix" time="1.238" classname="GithubAutomation.AppTest"/>
  <testcase name="testSeven" time="13.732" classname="GithubAutomation.AppTest"/>
  <testcase name="testEight" time="0.005" classname="GithubAutomation.AppTest"/>
</testsuite> <!-- Default test -->
